  Array.cpp
  functions.cpp
C:\Users\Ryzen\Desktop\Git_repos\Studies_code\PK\Lab_6_Class_resource_packing\Lab_6\Array.cpp(14,2): error C2059: syntax error: '{'
C:\Users\Ryzen\Desktop\Git_repos\Studies_code\PK\Lab_6_Class_resource_packing\Lab_6\Array.cpp(14,2): error C2143: syntax error: missing ';' before '{'
  Generating Code...
